The system is: Linux - 5.19.0-41-generic - x86_64
Compiling the C compiler identification source file "CMakeCCompilerId.c" succeeded.
Compiler: /usr/bin/x86_64-w64-mingw32-gcc 
Build flags: 
Id flags:  

The output was:
0


Compilation of the C compiler identification source "CMakeCCompilerId.c" produced "a.exe"

The C compiler identification is GNU, found in "/home/dot/projects/cpp/uni/project/CGOL/build/CMakeFiles/3.18.2/CompilerIdC/a.exe"

Compiling the CXX compiler identification source file "CMakeCXXCompilerId.cpp" succeeded.
Compiler: /usr/bin/x86_64-w64-mingw32-g++ 
Build flags: 
Id flags:  

The output was:
0


Compilation of the CXX compiler identification source "CMakeCXXCompilerId.cpp" produced "a.exe"

The CXX compiler identification is GNU, found in "/home/dot/projects/cpp/uni/project/CGOL/build/CMakeFiles/3.18.2/CompilerIdCXX/a.exe"

Determining if the C compiler works passed with the following output:
Change Dir: /home/dot/projects/cpp/uni/project/CGOL/build/CMakeFiles/CMakeTmp

Run Build Command(s):/usr/bin/ninja cmTC_7e32b && [1/2] Building C object CMakeFiles/cmTC_7e32b.dir/testCCompiler.c.o
[2/2] Linking C executable cmTC_7e32b



Determining if the CXX compiler works passed with the following output:
Change Dir: /home/dot/projects/cpp/uni/project/CGOL/build/CMakeFiles/CMakeTmp

Run Build Command(s):/usr/bin/ninja cmTC_3d827 && [1/2] Building CXX object CMakeFiles/cmTC_3d827.dir/testCXXCompiler.cxx.o
[2/2] Linking CXX executable cmTC_3d827



Determining if the include file pthread.h exists passed with the following output:
Change Dir: /home/dot/projects/cpp/uni/project/CGOL/build/CMakeFiles/CMakeTmp

Run Build Command(s):/usr/bin/ninja cmTC_91e22 && [1/2] Building C object CMakeFiles/cmTC_91e22.dir/CheckIncludeFile.c.o
[2/2] Linking C executable cmTC_91e22



Performing C++ SOURCE FILE Test HAVE_STDATOMIC succeeded with the following output:
Change Dir: /home/dot/projects/cpp/uni/project/CGOL/build/CMakeFiles/CMakeTmp

Run Build Command(s):/usr/bin/ninja cmTC_42f12 && [1/2] Building CXX object CMakeFiles/cmTC_42f12.dir/src.cxx.o
[2/2] Linking CXX executable cmTC_42f12


Source file was:
#include <atomic>
#include <cstdint>

int main(int, char **)
{
    volatile std::atomic<char>    size_1;
    volatile std::atomic<short>   size_2;
    volatile std::atomic<int>     size_4;
    volatile std::atomic<int64_t> size_8;

    ++size_1;
    ++size_2;
    ++size_4;
    ++size_8;

    (void)size_1.load(std::memory_order_relaxed);
    (void)size_2.load(std::memory_order_relaxed);
    (void)size_4.load(std::memory_order_relaxed);
    (void)size_8.load(std::memory_order_relaxed);

    return 0;
}
