Detecting C compiler ABI info failed to compile with the following output:
Change Dir: /home/dot/projects/cpp/uni/project/CGOL/build/CMakeFiles/CMakeTmp

Run Build Command(s):/usr/bin/ninja cmTC_061c8 && [1/2] Building C object CMakeFiles/cmTC_061c8.dir/CMakeCCompilerABI.c.o
Using built-in specs.
COLLECT_GCC=/usr/bin/x86_64-w64-mingw32-gcc
Target: x86_64-w64-mingw32
Configured with: ../../src/configure --build=x86_64-linux-gnu --prefix=/usr --includedir='/usr/include' --mandir='/usr/share/man' --infodir='/usr/share/info' --sysconfdir=/etc --localstatedir=/var --disable-option-checking --disable-silent-rules --libdir='/usr/lib/x86_64-linux-gnu' --libexecdir='/usr/lib/x86_64-linux-gnu' --disable-maintainer-mode --disable-dependency-tracking --prefix=/usr --enable-shared --enable-static --disable-multilib --with-system-zlib --libexecdir=/usr/lib --without-included-gettext --libdir=/usr/lib --enable-libstdcxx-time=yes --with-tune=generic --with-headers --enable-version-specific-runtime-libs --enable-fully-dynamic-string --enable-libgomp --enable-languages=c,c++,fortran,objc,obj-c++,ada --enable-lto --enable-threads=win32 --program-suffix=-win32 --program-prefix=x86_64-w64-mingw32- --target=x86_64-w64-mingw32 --with-as=/usr/bin/x86_64-w64-mingw32-as --with-ld=/usr/bin/x86_64-w64-mingw32-ld --enable-libatomic --enable-libstdcxx-filesystem-ts=yes --enable-dependency-tracking SED=/bin/sed
Thread model: win32
Supported LTO compression algorithms: zlib
gcc version 10-win32 20220113 (GCC) 
COLLECT_GCC_OPTIONS='-v' '-o' 'CMakeFiles/cmTC_061c8.dir/CMakeCCompilerABI.c.o' '-c' '-mtune=generic' '-march=x86-64'
 /usr/lib/gcc/x86_64-w64-mingw32/10-win32/cc1 -quiet -v -U_REENTRANT /usr/local/share/cmake-3.18/Modules/CMakeCCompilerABI.c -quiet -dumpbase CMakeCCompilerABI.c -mtune=generic -march=x86-64 -auxbase-strip CMakeFiles/cmTC_061c8.dir/CMakeCCompilerABI.c.o -version -o /tmp/ccQl1hWB.s
GNU C17 (GCC) version 10-win32 20220113 (x86_64-w64-mingw32)
	compiled by GNU C version 10.3.0, GMP version 6.2.1, MPFR version 4.1.0, MPC version 1.2.1, isl version isl-0.24-GMP

GGC heuristics: --param ggc-min-expand=100 --param ggc-min-heapsize=131072
ignoring nonexistent directory "/usr/lib/gcc/x86_64-w64-mingw32/10-win32/../../../../x86_64-w64-mingw32/sys-include"
#include "..." search starts here:
#include <...> search starts here:
 /usr/lib/gcc/x86_64-w64-mingw32/10-win32/include
 /usr/lib/gcc/x86_64-w64-mingw32/10-win32/include-fixed
 /usr/lib/gcc/x86_64-w64-mingw32/10-win32/../../../../x86_64-w64-mingw32/include
End of search list.
GNU C17 (GCC) version 10-win32 20220113 (x86_64-w64-mingw32)
	compiled by GNU C version 10.3.0, GMP version 6.2.1, MPFR version 4.1.0, MPC version 1.2.1, isl version isl-0.24-GMP

GGC heuristics: --param ggc-min-expand=100 --param ggc-min-heapsize=131072
Compiler executable checksum: 540c311885c0710cac74cf12fb1ae6c1
COLLECT_GCC_OPTIONS='-v' '-o' 'CMakeFiles/cmTC_061c8.dir/CMakeCCompilerABI.c.o' '-c' '-mtune=generic' '-march=x86-64'
 /usr/bin/x86_64-w64-mingw32-as -v -o CMakeFiles/cmTC_061c8.dir/CMakeCCompilerABI.c.o /tmp/ccQl1hWB.s
GNU assembler version 2.38 (x86_64-w64-mingw32) using BFD version (GNU Binutils) 2.38
COMPILER_PATH=/usr/lib/gcc/x86_64-w64-mingw32/10-win32/:/usr/lib/gcc/x86_64-w64-mingw32/10-win32/:/usr/lib/gcc/x86_64-w64-mingw32/:/usr/lib/gcc/x86_64-w64-mingw32/10-win32/:/usr/lib/gcc/x86_64-w64-mingw32/:/usr/lib/gcc/x86_64-w64-mingw32/10-win32/../../../../x86_64-w64-mingw32/bin/
LIBRARY_PATH=/usr/lib/gcc/x86_64-w64-mingw32/10-win32/:/usr/lib/gcc/x86_64-w64-mingw32/10-win32/../../../../x86_64-w64-mingw32/lib/
COLLECT_GCC_OPTIONS='-v' '-o' 'CMakeFiles/cmTC_061c8.dir/CMakeCCompilerABI.c.o' '-c' '-mtune=generic' '-march=x86-64'
[2/2] Linking C executable cmTC_061c8
Using built-in specs.
COLLECT_GCC=/usr/bin/x86_64-w64-mingw32-gcc
COLLECT_LTO_WRAPPER=/usr/lib/gcc/x86_64-w64-mingw32/10-win32/lto-wrapper
Target: x86_64-w64-mingw32
Configured with: ../../src/configure --build=x86_64-linux-gnu --prefix=/usr --includedir='/usr/include' --mandir='/usr/share/man' --infodir='/usr/share/info' --sysconfdir=/etc --localstatedir=/var --disable-option-checking --disable-silent-rules --libdir='/usr/lib/x86_64-linux-gnu' --libexecdir='/usr/lib/x86_64-linux-gnu' --disable-maintainer-mode --disable-dependency-tracking --prefix=/usr --enable-shared --enable-static --disable-multilib --with-system-zlib --libexecdir=/usr/lib --without-included-gettext --libdir=/usr/lib --enable-libstdcxx-time=yes --with-tune=generic --with-headers --enable-version-specific-runtime-libs --enable-fully-dynamic-string --enable-libgomp --enable-languages=c,c++,fortran,objc,obj-c++,ada --enable-lto --enable-threads=win32 --program-suffix=-win32 --program-prefix=x86_64-w64-mingw32- --target=x86_64-w64-mingw32 --with-as=/usr/bin/x86_64-w64-mingw32-as --with-ld=/usr/bin/x86_64-w64-mingw32-ld --enable-libatomic --enable-libstdcxx-filesystem-ts=yes --enable-dependency-tracking SED=/bin/sed
Thread model: win32
Supported LTO compression algorithms: zlib
gcc version 10-win32 20220113 (GCC) 
COMPILER_PATH=/usr/lib/gcc/x86_64-w64-mingw32/10-win32/:/usr/lib/gcc/x86_64-w64-mingw32/10-win32/:/usr/lib/gcc/x86_64-w64-mingw32/:/usr/lib/gcc/x86_64-w64-mingw32/10-win32/:/usr/lib/gcc/x86_64-w64-mingw32/:/usr/lib/gcc/x86_64-w64-mingw32/10-win32/../../../../x86_64-w64-mingw32/bin/
LIBRARY_PATH=/usr/lib/gcc/x86_64-w64-mingw32/10-win32/:/usr/lib/gcc/x86_64-w64-mingw32/10-win32/../../../../x86_64-w64-mingw32/lib/
COLLECT_GCC_OPTIONS='-v' '-o' 'cmTC_061c8.exe' '-mtune=generic' '-march=x86-64'
 /usr/lib/gcc/x86_64-w64-mingw32/10-win32/collect2 -plugin /usr/lib/gcc/x86_64-w64-mingw32/10-win32/liblto_plugin.so -plugin-opt=/usr/lib/gcc/x86_64-w64-mingw32/10-win32/lto-wrapper -plugin-opt=-fresolution=/tmp/ccgeJUU5.res -plugin-opt=-pass-through=-lmingw32 -plugin-opt=-pass-through=-lgcc -plugin-opt=-pass-through=-lgcc_eh -plugin-opt=-pass-through=-lmoldname -plugin-opt=-pass-through=-lmingwex -plugin-opt=-pass-through=-lmsvcrt -plugin-opt=-pass-through=-ladvapi32 -plugin-opt=-pass-through=-lshell32 -plugin-opt=-pass-through=-luser32 -plugin-opt=-pass-through=-lkernel32 -plugin-opt=-pass-through=-lmingw32 -plugin-opt=-pass-through=-lgcc -plugin-opt=-pass-through=-lgcc_eh -plugin-opt=-pass-through=-lmoldname -plugin-opt=-pass-through=-lmingwex -plugin-opt=-pass-through=-lmsvcrt -m i386pep -Bdynamic -o cmTC_061c8.exe /usr/lib/gcc/x86_64-w64-mingw32/10-win32/../../../../x86_64-w64-mingw32/lib/crt2.o /usr/lib/gcc/x86_64-w64-mingw32/10-win32/crtbegin.o -L/usr/lib/gcc/x86_64-w64-mingw32/10-win32 -L/usr/lib/gcc/x86_64-w64-mingw32/10-win32/../../../../x86_64-w64-mingw32/lib CMakeFiles/cmTC_061c8.dir/CMakeCCompilerABI.c.o -lmingw32 -lgcc -lgcc_eh -lmoldname -lmingwex -lmsvcrt -ladvapi32 -lshell32 -luser32 -lkernel32 -lmingw32 -lgcc -lgcc_eh -lmoldname -lmingwex -lmsvcrt /usr/lib/gcc/x86_64-w64-mingw32/10-win32/crtend.o
COLLECT_GCC_OPTIONS='-v' '-o' 'cmTC_061c8.exe' '-mtune=generic' '-march=x86-64'


Cannot copy output executable
  ''
to destination specified by COPY_FILE:
  '/home/dot/projects/cpp/uni/project/CGOL/build/CMakeFiles/3.18.2/CMakeDetermineCompilerABI_C.bin'
Unable to find the executable at any of:
  /home/dot/projects/cpp/uni/project/CGOL/build/CMakeFiles/CMakeTmp/cmTC_061c8
  /home/dot/projects/cpp/uni/project/CGOL/build/CMakeFiles/CMakeTmp/Debug/cmTC_061c8
  /home/dot/projects/cpp/uni/project/CGOL/build/CMakeFiles/CMakeTmp/Development/cmTC_061c8


Detecting CXX compiler ABI info failed to compile with the following output:
Change Dir: /home/dot/projects/cpp/uni/project/CGOL/build/CMakeFiles/CMakeTmp

Run Build Command(s):/usr/bin/ninja cmTC_40c5c && [1/2] Building CXX object CMakeFiles/cmTC_40c5c.dir/CMakeCXXCompilerABI.cpp.o
Using built-in specs.
COLLECT_GCC=/usr/bin/x86_64-w64-mingw32-g++
Target: x86_64-w64-mingw32
Configured with: ../../src/configure --build=x86_64-linux-gnu --prefix=/usr --includedir='/usr/include' --mandir='/usr/share/man' --infodir='/usr/share/info' --sysconfdir=/etc --localstatedir=/var --disable-option-checking --disable-silent-rules --libdir='/usr/lib/x86_64-linux-gnu' --libexecdir='/usr/lib/x86_64-linux-gnu' --disable-maintainer-mode --disable-dependency-tracking --prefix=/usr --enable-shared --enable-static --disable-multilib --with-system-zlib --libexecdir=/usr/lib --without-included-gettext --libdir=/usr/lib --enable-libstdcxx-time=yes --with-tune=generic --with-headers --enable-version-specific-runtime-libs --enable-fully-dynamic-string --enable-libgomp --enable-languages=c,c++,fortran,objc,obj-c++,ada --enable-lto --enable-threads=win32 --program-suffix=-win32 --program-prefix=x86_64-w64-mingw32- --target=x86_64-w64-mingw32 --with-as=/usr/bin/x86_64-w64-mingw32-as --with-ld=/usr/bin/x86_64-w64-mingw32-ld --enable-libatomic --enable-libstdcxx-filesystem-ts=yes --enable-dependency-tracking SED=/bin/sed
Thread model: win32
Supported LTO compression algorithms: zlib
gcc version 10-win32 20220113 (GCC) 
COLLECT_GCC_OPTIONS='-v' '-o' 'CMakeFiles/cmTC_40c5c.dir/CMakeCXXCompilerABI.cpp.o' '-c' '-shared-libgcc' '-mtune=generic' '-march=x86-64'
 /usr/lib/gcc/x86_64-w64-mingw32/10-win32/cc1plus -quiet -v -U_REENTRANT /usr/local/share/cmake-3.18/Modules/CMakeCXXCompilerABI.cpp -quiet -dumpbase CMakeCXXCompilerABI.cpp -mtune=generic -march=x86-64 -auxbase-strip CMakeFiles/cmTC_40c5c.dir/CMakeCXXCompilerABI.cpp.o -version -o /tmp/ccPfwZdD.s
GNU C++14 (GCC) version 10-win32 20220113 (x86_64-w64-mingw32)
	compiled by GNU C version 10.3.0, GMP version 6.2.1, MPFR version 4.1.0, MPC version 1.2.1, isl version isl-0.24-GMP

GGC heuristics: --param ggc-min-expand=100 --param ggc-min-heapsize=131072
ignoring nonexistent directory "/usr/lib/gcc/x86_64-w64-mingw32/10-win32/../../../../x86_64-w64-mingw32/sys-include"
#include "..." search starts here:
#include <...> search starts here:
 /usr/lib/gcc/x86_64-w64-mingw32/10-win32/include/c++
 /usr/lib/gcc/x86_64-w64-mingw32/10-win32/include/c++/x86_64-w64-mingw32
 /usr/lib/gcc/x86_64-w64-mingw32/10-win32/include/c++/backward
 /usr/lib/gcc/x86_64-w64-mingw32/10-win32/include
 /usr/lib/gcc/x86_64-w64-mingw32/10-win32/include-fixed
 /usr/lib/gcc/x86_64-w64-mingw32/10-win32/../../../../x86_64-w64-mingw32/include
End of search list.
GNU C++14 (GCC) version 10-win32 20220113 (x86_64-w64-mingw32)
	compiled by GNU C version 10.3.0, GMP version 6.2.1, MPFR version 4.1.0, MPC version 1.2.1, isl version isl-0.24-GMP

GGC heuristics: --param ggc-min-expand=100 --param ggc-min-heapsize=131072
Compiler executable checksum: ea21cbb57b378f33ce3fb4d699f383c0
COLLECT_GCC_OPTIONS='-v' '-o' 'CMakeFiles/cmTC_40c5c.dir/CMakeCXXCompilerABI.cpp.o' '-c' '-shared-libgcc' '-mtune=generic' '-march=x86-64'
 /usr/bin/x86_64-w64-mingw32-as -v -o CMakeFiles/cmTC_40c5c.dir/CMakeCXXCompilerABI.cpp.o /tmp/ccPfwZdD.s
GNU assembler version 2.38 (x86_64-w64-mingw32) using BFD version (GNU Binutils) 2.38
COMPILER_PATH=/usr/lib/gcc/x86_64-w64-mingw32/10-win32/:/usr/lib/gcc/x86_64-w64-mingw32/10-win32/:/usr/lib/gcc/x86_64-w64-mingw32/:/usr/lib/gcc/x86_64-w64-mingw32/10-win32/:/usr/lib/gcc/x86_64-w64-mingw32/:/usr/lib/gcc/x86_64-w64-mingw32/10-win32/../../../../x86_64-w64-mingw32/bin/
LIBRARY_PATH=/usr/lib/gcc/x86_64-w64-mingw32/10-win32/:/usr/lib/gcc/x86_64-w64-mingw32/10-win32/../../../../x86_64-w64-mingw32/lib/
COLLECT_GCC_OPTIONS='-v' '-o' 'CMakeFiles/cmTC_40c5c.dir/CMakeCXXCompilerABI.cpp.o' '-c' '-shared-libgcc' '-mtune=generic' '-march=x86-64'
[2/2] Linking CXX executable cmTC_40c5c
Using built-in specs.
COLLECT_GCC=/usr/bin/x86_64-w64-mingw32-g++
COLLECT_LTO_WRAPPER=/usr/lib/gcc/x86_64-w64-mingw32/10-win32/lto-wrapper
Target: x86_64-w64-mingw32
Configured with: ../../src/configure --build=x86_64-linux-gnu --prefix=/usr --includedir='/usr/include' --mandir='/usr/share/man' --infodir='/usr/share/info' --sysconfdir=/etc --localstatedir=/var --disable-option-checking --disable-silent-rules --libdir='/usr/lib/x86_64-linux-gnu' --libexecdir='/usr/lib/x86_64-linux-gnu' --disable-maintainer-mode --disable-dependency-tracking --prefix=/usr --enable-shared --enable-static --disable-multilib --with-system-zlib --libexecdir=/usr/lib --without-included-gettext --libdir=/usr/lib --enable-libstdcxx-time=yes --with-tune=generic --with-headers --enable-version-specific-runtime-libs --enable-fully-dynamic-string --enable-libgomp --enable-languages=c,c++,fortran,objc,obj-c++,ada --enable-lto --enable-threads=win32 --program-suffix=-win32 --program-prefix=x86_64-w64-mingw32- --target=x86_64-w64-mingw32 --with-as=/usr/bin/x86_64-w64-mingw32-as --with-ld=/usr/bin/x86_64-w64-mingw32-ld --enable-libatomic --enable-libstdcxx-filesystem-ts=yes --enable-dependency-tracking SED=/bin/sed
Thread model: win32
Supported LTO compression algorithms: zlib
gcc version 10-win32 20220113 (GCC) 
COMPILER_PATH=/usr/lib/gcc/x86_64-w64-mingw32/10-win32/:/usr/lib/gcc/x86_64-w64-mingw32/10-win32/:/usr/lib/gcc/x86_64-w64-mingw32/:/usr/lib/gcc/x86_64-w64-mingw32/10-win32/:/usr/lib/gcc/x86_64-w64-mingw32/:/usr/lib/gcc/x86_64-w64-mingw32/10-win32/../../../../x86_64-w64-mingw32/bin/
LIBRARY_PATH=/usr/lib/gcc/x86_64-w64-mingw32/10-win32/:/usr/lib/gcc/x86_64-w64-mingw32/10-win32/../../../../x86_64-w64-mingw32/lib/
COLLECT_GCC_OPTIONS='-v' '-o' 'cmTC_40c5c.exe' '-shared-libgcc' '-mtune=generic' '-march=x86-64'
 /usr/lib/gcc/x86_64-w64-mingw32/10-win32/collect2 -plugin /usr/lib/gcc/x86_64-w64-mingw32/10-win32/liblto_plugin.so -plugin-opt=/usr/lib/gcc/x86_64-w64-mingw32/10-win32/lto-wrapper -plugin-opt=-fresolution=/tmp/ccozppWb.res -plugin-opt=-pass-through=-lmingw32 -plugin-opt=-pass-through=-lgcc_s -plugin-opt=-pass-through=-lgcc -plugin-opt=-pass-through=-lmoldname -plugin-opt=-pass-through=-lmingwex -plugin-opt=-pass-through=-lmsvcrt -plugin-opt=-pass-through=-ladvapi32 -plugin-opt=-pass-through=-lshell32 -plugin-opt=-pass-through=-luser32 -plugin-opt=-pass-through=-lkernel32 -plugin-opt=-pass-through=-lmingw32 -plugin-opt=-pass-through=-lgcc_s -plugin-opt=-pass-through=-lgcc -plugin-opt=-pass-through=-lmoldname -plugin-opt=-pass-through=-lmingwex -plugin-opt=-pass-through=-lmsvcrt -m i386pep -Bdynamic -o cmTC_40c5c.exe /usr/lib/gcc/x86_64-w64-mingw32/10-win32/../../../../x86_64-w64-mingw32/lib/crt2.o /usr/lib/gcc/x86_64-w64-mingw32/10-win32/crtbegin.o -L/usr/lib/gcc/x86_64-w64-mingw32/10-win32 -L/usr/lib/gcc/x86_64-w64-mingw32/10-win32/../../../../x86_64-w64-mingw32/lib CMakeFiles/cmTC_40c5c.dir/CMakeCXXCompilerABI.cpp.o -lstdc++ -lmingw32 -lgcc_s -lgcc -lmoldname -lmingwex -lmsvcrt -ladvapi32 -lshell32 -luser32 -lkernel32 -lmingw32 -lgcc_s -lgcc -lmoldname -lmingwex -lmsvcrt /usr/lib/gcc/x86_64-w64-mingw32/10-win32/crtend.o
COLLECT_GCC_OPTIONS='-v' '-o' 'cmTC_40c5c.exe' '-shared-libgcc' '-mtune=generic' '-march=x86-64'


Cannot copy output executable
  ''
to destination specified by COPY_FILE:
  '/home/dot/projects/cpp/uni/project/CGOL/build/CMakeFiles/3.18.2/CMakeDetermineCompilerABI_CXX.bin'
Unable to find the executable at any of:
  /home/dot/projects/cpp/uni/project/CGOL/build/CMakeFiles/CMakeTmp/cmTC_40c5c
  /home/dot/projects/cpp/uni/project/CGOL/build/CMakeFiles/CMakeTmp/Debug/cmTC_40c5c
  /home/dot/projects/cpp/uni/project/CGOL/build/CMakeFiles/CMakeTmp/Development/cmTC_40c5c


Performing C SOURCE FILE Test CMAKE_HAVE_LIBC_PTHREAD failed with the following output:
Change Dir: /home/dot/projects/cpp/uni/project/CGOL/build/CMakeFiles/CMakeTmp

Run Build Command(s):/usr/bin/ninja cmTC_e5596 && [1/2] Building C object CMakeFiles/cmTC_e5596.dir/src.c.o
[2/2] Linking C executable cmTC_e5596
FAILED: cmTC_e5596 
: && /usr/bin/x86_64-w64-mingw32-gcc -DCMAKE_HAVE_LIBC_PTHREAD  CMakeFiles/cmTC_e5596.dir/src.c.o -o cmTC_e5596   && :
/usr/bin/x86_64-w64-mingw32-ld: CMakeFiles/cmTC_e5596.dir/src.c.o:src.c:(.text+0x35): undefined reference to `pthread_create'
/usr/bin/x86_64-w64-mingw32-ld: CMakeFiles/cmTC_e5596.dir/src.c.o:src.c:(.text+0x41): undefined reference to `pthread_detach'
/usr/bin/x86_64-w64-mingw32-ld: CMakeFiles/cmTC_e5596.dir/src.c.o:src.c:(.text+0x4d): undefined reference to `pthread_cancel'
/usr/bin/x86_64-w64-mingw32-ld: CMakeFiles/cmTC_e5596.dir/src.c.o:src.c:(.text+0x5e): undefined reference to `pthread_join'
/usr/bin/x86_64-w64-mingw32-ld: CMakeFiles/cmTC_e5596.dir/src.c.o:src.c:(.text+0x68): undefined reference to `pthread_exit'
collect2: error: ld returned 1 exit status
ninja: build stopped: subcommand failed.


Source file was:
#include <pthread.h>

void* test_func(void* data)
{
  return data;
}

int main(void)
{
  pthread_t thread;
  pthread_create(&thread, NULL, test_func, NULL);
  pthread_detach(thread);
  pthread_cancel(thread);
  pthread_join(thread, NULL);
  pthread_atfork(NULL, NULL, NULL);
  pthread_exit(NULL);

  return 0;
}

